
         ==============================
         S N O P T  7.5-1.5  (Feb 2016)
         ==============================
      Major Iteration limit                                          100
1
 
 SNMEMA EXIT 100 -- finished successfully
 SNMEMA INFO 104 -- memory requirements estimated
1
 
 Parameters
 ==========

 Files
 -----
 Solution file..........         0       Old basis file ........         0       Standard input.........         5
 Insert file............         0       New basis file ........         0       (Printer)..............         9
 Punch file.............         0       Backup basis file......         0       (Specs file)...........         0
 Load file..............         0       Dump file..............         0       Standard output........         6

 Frequencies
 -----------
 Print frequency........       100       Check frequency........        60       Save new basis map.....       100
 Summary frequency......       100       Factorization frequency        50       Expand frequency.......     10000

 QP subproblems
 --------------
 QPsolver Cholesky......
 Scale tolerance........     0.900       Minor feasibility tol..  1.00E-06       Iteration limit........     10000
 Scale option...........         0       Minor optimality  tol..  1.00E-06       Minor print level......         1
 Crash tolerance........     0.100       Pivot tolerance........  3.25E-11       New superbasics........        99
 Crash option...........         3       Elastic weight.........  1.00E+00

 Partial pricing
 ---------------
 LP Partial price.......         1       Prtl price section ( A)        40       Prtl price section (-I)         1
 QP Partial price.......         1       Prtl price section ( A)        40       Prtl price section (-I)         1

 The SQP Method
 --------------
 Minimize...............                 Cold start.............                 Proximal Point method..         1
 Nonlinear objectiv vars        40       Objective Row..........         1       Function precision.....  3.00E-13
 Unbounded step size....  1.00E+20       Superbasics limit......        40       Difference interval....  5.48E-07
 Unbounded objective....  1.00E+10       Reduced Hessian dim....        40       Central difference int.  6.70E-05
 Major step limit.......  2.00E+00       Derivative linesearch..                 Derivative option......         1
 Major iterations limit.       100       Linesearch tolerance...   0.90000       Verify level...........         0
 Minor iterations limit.       500       Penalty parameter......  0.00E+00       Major Print Level......         1
 Time limit (secs)...... 9999999.0       Major optimality tol...  2.00E-06

 Hessian Approximation
 ---------------------
 Hessian full-memory....                 Hessian updates........  99999999       Hessian frequency......  99999999
                                                                                 Hessian flush..........  99999999

 Miscellaneous
 -------------
 LU factor tolerance....      3.99       LU singularity tol.....  3.25E-11       Timing level...........         3
 LU update tolerance....      3.99       LU swap tolerance......  1.22E-04       Debug level............         0
 LU partial  pivoting...                 eps (machine precision)  2.22E-16       System information.....        No
                                                                                 Sticky parameters......        No

 Total char*8  workspace       500       Total integer workspace     23805       Total real    workspace     15338
 Total char*8  (minimum)       500       Total integer (minimum)      1245       Total real    (minimum)      3928
 
1
 

 

 Matrix statistics
 -----------------
               Total      Normal        Free       Fixed     Bounded
 Rows              1           0           1           0           0
 Columns          40           0          40           0           0

 No. of matrix elements                    1     Density       2.500
 Biggest                          0.0000E+00  (excluding fixed columns,
 Smallest                         0.0000E+00   free rows, and RHS)

 No. of objective coefficients             0

 Nonlinear constraints       0     Linear constraints       1
 Nonlinear variables        40     Linear variables         0
 Jacobian  variables         0     Objective variables     40
 Total constraints           1     Total variables         40
1
 
 Initial basis
 -------------

 No basis file supplied

 Crash option  3

 Crash on linear E  rows:

 Crash on linear LG rows:
 Slacks     1  Free cols     0  Preferred     0
 Unit       0  Double        0  Triangle      0  Pad     0

 Itn      0: Feasible linear rows
 Itn      0: PP1.  Minimizing  Norm(x-x0)

 Itn      0: PP1.  Norm(x-x0) approximately minimized  (0.00E+00)

 
 The user has defined      40   out of      40   first  derivatives

 Cheap test of user-supplied problem derivatives...

 The objective  gradients seem to be OK.

 Gradient projected in one direction  -2.20644957038E-03
 Difference approximation             -2.20645689758E-03
1
 
 Itn      0: Hessian set to a scaled identity matrix
 

   Itns Major Minors    Step   nObj Feasible  Optimal      Objective     L+U BSwap     nS condZHZ
     40     0     40              1           8.4E-02  1.2768987E+01       1           40 1.0E+00 _  r
 Itn     40: Hessian set to a scaled identity matrix
     41     1      1 1.4E+01      4           5.7E-01  1.1787730E+01       1           40 1.0E+00 _  rl
     42     2      1 3.1E-02      7           3.5E-01  1.1638680E+01       1           40 1.1E+00 _s
     43     3      1 3.1E+00     10           3.7E-01  1.1536084E+01       1           40 1.2E+00 _
     44     4      1 6.0E+00     12           6.1E-01  1.1414901E+01       1           40 1.6E+00 _
     45     5      1 1.0E+00     13           4.8E-01  1.0581264E+01       1           40 1.8E+00 _
     46     6      1 1.0E+00     14           2.9E-01  9.4591779E+00       1           40 1.8E+00 _
     47     7      1 1.0E+00     15           3.4E-01  9.2236084E+00       1           40 1.8E+00 _
     48     8      1 1.0E+00     16           6.7E-01  9.0418766E+00       1           40 1.7E+00 _
     50     9      2 1.0E+00     17           6.5E-01  8.7111760E+00       1           40 1.7E+00 _
     52    10      2 1.0E-01     20           3.3E-01  8.4774430E+00       1           40 1.7E+00 _
     54    11      2 1.0E+00     21           3.2E-01  8.0710406E+00       1           40 1.9E+00 _
     56    12      2 1.0E+00     22           3.7E-01  6.7988819E+00       1           40 1.9E+00 _
     58    13      2 1.0E+00     23           3.4E-01  4.8279417E+00       1           40 2.0E+00 _
     60    14      2 2.0E-01     25           3.2E-01  4.6684773E+00       1           40 1.8E+00 _
     62    15      2 1.0E+00     26           2.4E-01  3.6292893E+00       1           40 1.9E+00 _
     64    16      2 1.0E+00     27           3.9E-01  3.1820175E+00       1           40 2.1E+00 _
     65    17      1 1.0E+00     28           4.5E-01  3.0942521E+00       1           40 2.2E+00 _
     67    18      2 1.0E+00     29           3.7E-01  3.0527981E+00       1           40 2.4E+00 _
     68    19      1 1.0E+00     30           1.3E-01  2.9682702E+00       1           40 2.4E+00 _

   Itns Major Minors    Step   nObj Feasible  Optimal      Objective     L+U BSwap     nS condZHZ
     69    20      1 1.0E+00     31           2.3E-01  2.9416937E+00       1           40 2.4E+00 _
     70    21      1 1.0E+00     32           8.4E-02  2.9063639E+00       1           40 2.5E+00 _
     71    22      1 1.0E+00     33           1.8E-01  2.8924518E+00       1           40 2.6E+00 _
     72    23      1 1.0E+00     34           8.3E-02  2.8910935E+00       1           40 2.9E+00 _
     73    24      1 1.0E+00     35           7.9E-02  2.8903613E+00       1           40 2.7E+00 _
     75    25      2 1.0E+00     36           7.4E-02  2.8893191E+00       1           40 2.5E+00 _
     77    26      2 1.0E+00     37           1.1E-01  2.8853238E+00       1           40 2.7E+00 _
     79    27      2 1.0E+00     38           2.6E-01  2.8693077E+00       1           40 3.1E+00 _
     81    28      2 1.0E+00     39           3.6E-01  2.8388672E+00       1           40 3.6E+00 _
     83    29      2 1.0E+00     40           2.7E-01  2.7786441E+00       1           40 4.0E+00 _
     85    30      2 1.0E+00     41           5.4E-02  2.7588580E+00       1           40 3.4E+00 _
     87    31      2 1.0E+00     42           1.5E-01  2.7496672E+00       1           40 3.5E+00 _
     89    32      2 3.7E-01     44           1.7E-01  2.7480211E+00       1           40 5.6E+00 _
     91    33      2 1.0E+00     45           7.4E-02  2.7463697E+00       1           40 5.0E+00 _
     93    34      2 1.0E+00     46           2.2E-02  2.7456423E+00       1           40 5.4E+00 _
     95    35      2 1.0E+00     47           2.7E-02  2.7454850E+00       1           40 6.2E+00 _
     97    36      2 1.0E+00     48           3.7E-02  2.7451589E+00       1           40 6.7E+00 _
     99    37      2 1.0E+00     49           5.0E-02  2.7443524E+00       1           40 7.8E+00 _
    101    38      2 1.0E+00     50           7.5E-02  2.7422266E+00       1           40 1.0E+01 _
    103    39      2 1.0E+00     51           1.3E-01  2.7369209E+00       1           40 1.3E+01 _

   Itns Major Minors    Step   nObj Feasible  Optimal      Objective     L+U BSwap     nS condZHZ
    105    40      2 1.0E+00     52           2.0E-01  2.7247373E+00       1           40 1.4E+01 _
    107    41      2 1.0E+00     53           3.1E-01  2.7019910E+00       1           40 1.4E+01 _
    110    42      3 1.0E+00     54           3.1E-01  2.6675046E+00       1           40 1.4E+01 _
    113    43      3 1.0E+00     55           2.5E-01  2.6203083E+00       1           40 1.4E+01 _
    116    44      3 1.0E+00     56           9.3E-02  2.5904184E+00       1           40 1.5E+01 _
    119    45      3 1.0E+00     57           2.0E-01  2.5779704E+00       1           40 2.1E+01 _
    122    46      3 1.0E+00     58           3.6E-01  2.5680392E+00       1           40 2.5E+01 _
    125    47      3 1.0E+00     59           2.1E-01  2.5598324E+00       1           40 2.5E+01 _
    128    48      3 1.0E+00     60           1.1E-01  2.5520504E+00       1           40 1.8E+01 _
    131    49      3 1.0E+00     61           1.6E-01  2.5459337E+00       1           40 2.0E+01 _
    134    50      3 1.0E+00     62           1.1E-01  2.5316344E+00       1           40 2.1E+01 _
    137    51      3 1.0E+00     63           2.6E-01  2.5246956E+00       1           40 2.5E+01 _
    138    52      1 2.5E-01     65           1.3E-01  2.5232075E+00       1           40 1.6E+01 _
    139    53      1 1.0E+00     66           8.6E-02  2.5218570E+00       1           40 1.5E+01 _
    140    54      1 1.0E+00     67           5.7E-02  2.5210132E+00       1           40 1.5E+01 _
    141    55      1 1.0E+00     68           2.7E-02  2.5196688E+00       1           40 1.6E+01 _
    142    56      1 1.0E+00     69           2.6E-02  2.5193096E+00       1           40 1.7E+01 _
    143    57      1 1.0E+00     70           2.9E-02  2.5190391E+00       1           40 2.0E+01 _
    145    58      2 2.7E+00     75           1.1E-01  2.5164343E+00       1           40 5.8E+01 _
    147    59      2 1.2E-02     77           1.2E-01  2.5162965E+00       1           40 2.0E+01 _

   Itns Major Minors    Step   nObj Feasible  Optimal      Objective     L+U BSwap     nS condZHZ
    149    60      2 1.0E+00     78           2.4E-01  2.5117320E+00       1           40 2.3E+01 _
    151    61      2 4.9E-01     80           5.4E-01  2.5041455E+00       1           40 2.3E+01 _
    153    62      2 1.0E+00     81           5.3E-01  2.4879815E+00       1           40 1.9E+01 _
    155    63      2 1.0E+00     82           2.3E-01  2.4725535E+00       1           40 1.8E+01 _
    157    64      2 1.0E+00     83           1.4E-01  2.4678406E+00       1           40 1.9E+01 _
    159    65      2 1.0E+00     84           2.3E-01  2.4614633E+00       1           40 3.4E+01 _
    161    66      2 2.1E+00     87           4.0E-01  2.4463517E+00       1           40 2.4E+02 _
    163    67      2 1.7E-02     89           4.1E-01  2.4436564E+00       1           40 2.6E+01 _
    165    68      2 1.0E+00     90           3.0E-01  2.4362306E+00       1           40 2.1E+01 _
    167    69      2 1.0E+00     91           4.6E-01  2.4254566E+00       1           40 2.0E+01 _
    169    70      2 1.0E+00     92           3.2E-01  2.4152270E+00       1           40 1.6E+01 _
    171    71      2 1.0E+00     93           1.2E-01  2.4124805E+00       1           40 1.3E+01 _
    173    72      2 1.0E+00     94           3.2E-02  2.4115585E+00       1           40 1.2E+01 _
    175    73      2 1.0E+00     95           4.5E-02  2.4112717E+00       1           40 1.2E+01 _
    177    74      2 4.6E+00     97           3.8E-02  2.4098013E+00       1           40 1.2E+01 _
    179    75      2 1.0E+00     98           1.0E-01  2.4043427E+00       1           40 1.9E+01 _
    181    76      2 1.0E+00     99           1.5E-01  2.3974755E+00       1           40 2.8E+01 _
    183    77      2 1.0E+00    100           1.8E-01  2.3825132E+00       1           40 3.3E+01 _
    185    78      2 1.0E+00    101           1.1E-01  2.3704590E+00       1           40 3.4E+01 _
    187    79      2 1.0E+00    102           4.9E-02  2.3660322E+00       1           40 3.6E+01 _

   Itns Major Minors    Step   nObj Feasible  Optimal      Objective     L+U BSwap     nS condZHZ
    189    80      2 1.0E+00    103           1.9E-02  2.3647688E+00       1           40 4.0E+01 _
    192    81      3 4.7E+00    107           2.6E-01  2.2739095E+00       1           40 2.3E+03 _
    195    82      3 4.5E-04    110           2.6E-01  2.2739025E+00       1           40 3.7E+01 _
    198    83      3 6.0E+00    112           3.1E-01  2.2096627E+00       1           40 4.6E+01 _
    200    84      2 4.9E-01    114           6.0E-01  2.1059943E+00       1           40 4.4E+01 _
    202    85      2 1.0E+00    115           3.6E-01  2.0845447E+00       1           40 7.2E+01 _
    204    86      2 1.0E+00    116           8.7E-02  2.0635830E+00       1           40 6.9E+01 _
    206    87      2 1.0E+00    117           4.3E-02  2.0579113E+00       1           40 6.9E+01 _
    208    88      2 1.0E+00    118           5.5E-02  2.0555224E+00       1           40 6.9E+01 _
    210    89      2 1.0E+00    119           2.0E-02  2.0546834E+00       1           40 7.1E+01 _
    212    90      2 1.0E+00    120           1.9E-02  2.0545579E+00       1           40 7.1E+01 _
    214    91      2 1.0E+00    121           2.6E-02  2.0544082E+00       1           40 7.5E+01 _
    216    92      2 1.0E+00    122           5.8E-02  2.0538366E+00       1           40 7.7E+01 _
    218    93      2 1.0E+00    123           7.5E-02  2.0530207E+00       1           40 7.5E+01 _
    221    94      3 1.0E+00    124           8.8E-02  2.0511116E+00       1           40 7.3E+01 _
    224    95      3 1.0E+00    125           9.9E-02  2.0471497E+00       1           40 7.3E+01 _
    227    96      3 1.0E+00    126           1.2E-01  2.0380028E+00       1           40 7.9E+01 _
    231    97      4 1.0E+00    127           2.0E-01  2.0202540E+00       1           40 8.3E+01 _
    235    98      4 1.0E+00    128           2.1E-01  2.0032107E+00       1           40 7.3E+01 _
    239    99      4 1.0E+00    129           1.8E-01  1.9942211E+00       1           40 8.3E+01 _

   Itns Major Minors    Step   nObj Feasible  Optimal      Objective     L+U BSwap     nS condZHZ
    243   100      4 1.0E+00    130           1.7E-01  1.9879033E+00       1           40 7.6E+01 _
1
 
 SNOPTA EXIT  30 -- resource limit error
 SNOPTA INFO  32 -- major iteration limit reached

 Problem name                 toyprob
 No. of iterations                 243   Objective            1.9879033139E+00
 No. of major iterations           100   Linear    obj. term  0.0000000000E+00
                                         Nonlinear obj. term  1.9879033139E+00
 User function calls (total)       131
 No. of superbasics                 40   No. of basic nonlinears             0
 No. of degenerate steps             0   Percentage                       0.00
 Max x                       1 1.3E+01   Max pi                      1 1.0E+00
 Max Primal infeas           0 0.0E+00   Max Dual infeas            21 1.7E-01
1
 
 Name           toyprob                  Objective Value      1.9879033139E+00

 Status         Optimal Soln             Iteration    243    Superbasics    40

 Objective               (Min)
 RHS
 Ranges
 Bounds

 Section 1 - Constraints

  Number  ...Row.. State  ...Value......  Slack Value...  ..Lower Limit.  ..Upper Limit.  .Dual Variable    ..i
 
      41  r      1    BS          .               .                None            None         -1.0          1
1
 
 Section 2 - Variables

  Number  .Column. State  ...Value......  .Obj Gradient.  ..Lower Limit.  ..Upper Limit.  .Dual Variable    m+j
 
       1  x      1 N SBS        12.90410         0.16697           None            None          0.16697      2
       2  x      2 N SBS        11.34897         0.16320           None            None          0.16320      3
       3  x      3 N SBS        10.20186         0.15419           None            None          0.15419      4
       4  x      4 N SBS         8.95542         0.14067           None            None          0.14067      5
       5  x      5 N SBS         7.15415         0.12495           None            None          0.12495      6
       6  x      6 N SBS         4.80273         0.10989           None            None          0.10989      7
       7  x      7 N SBS         2.58916         0.09790           None            None          0.09790      8
       8  x      8 N SBS         1.90236         0.08679           None            None          0.08679      9
       9  x      9 N SBS         3.45099         0.07225           None            None          0.07225     10
      10  x     10 N SBS         5.01928         0.05872           None            None          0.05872     11
      11  x     11 N SBS         5.05722         0.05341           None            None          0.05341     12
      12  x     12 N SBS         4.60865         0.04575           None            None          0.04575     13
      13  x     13 N SBS         2.41964         0.03843           None            None          0.03843     14
      14  x     14 N SBS        -1.43280         0.03244           None            None          0.03244     15
      15  x     15 N SBS        -3.90463         0.02613           None            None          0.02613     16
      16  x     16 N SBS        -0.79715         0.01698           None            None          0.01698     17
      17  x     17 N SBS         4.59384         0.01082           None            None          0.01082     18
      18  x     18 N SBS         5.57295         0.00754           None            None          0.00754     19
      19  x     19 N SBS         2.36105         0.00364           None            None          0.00364     20
      20  x     20 N SBS         0.12270         0.00057           None            None          0.00057     21
      21  x     21 N SBS        11.63728        -0.17167           None            None         -0.17167     22
      22  x     22 N SBS        10.17262        -0.16498           None            None         -0.16498     23
      23  x     23 N SBS         8.50378        -0.15325           None            None         -0.15325     24
      24  x     24 N SBS         7.30111        -0.13759           None            None         -0.13759     25
      25  x     25 N SBS         7.00012        -0.12032           None            None         -0.12032     26
      26  x     26 N SBS         7.52367        -0.10450           None            None         -0.10450     27
      27  x     27 N SBS         8.15573        -0.09342           None            None         -0.09342     28
      28  x     28 N SBS         7.53956        -0.08399           None            None         -0.08399     29
      29  x     29 N SBS         5.21592        -0.07143           None            None         -0.07143     30
      30  x     30 N SBS         2.84851        -0.05935           None            None         -0.05935     31
      31  x     31 N SBS         1.69874        -0.05347           None            None         -0.05347     32
      32  x     32 N SBS         1.14246        -0.04634           None            None         -0.04634     33
      33  x     33 N SBS         1.88453        -0.03944           None            None         -0.03944     34
      34  x     34 N SBS         3.88961        -0.03313           None            None         -0.03313     35
      35  x     35 N SBS         4.84588        -0.02649           None            None         -0.02649     36
      36  x     36 N SBS         1.51462        -0.01786           None            None         -0.01786     37
      37  x     37 N SBS        -3.47486        -0.01162           None            None         -0.01162     38
      38  x     38 N SBS        -4.65998        -0.00795           None            None         -0.00795     39
      39  x     39 N SBS        -2.21559        -0.00360           None            None         -0.00360     40
      40  x     40 N SBS        -0.35023        -0.00033           None            None         -0.00033     41
 
 Time for MPS input                             0.00 seconds
 Time for solving problem                      66.98 seconds
 Time for solution output                       0.00 seconds
 Time for constraint functions                 66.78 seconds
 Time for objective function                    0.00 seconds
